<?xml version="1.0" encoding="UTF-8"?>
<testng-results ignored="0" total="1" passed="1" failed="0" skipped="0">
  <reporter-output>
  </reporter-output>
  <suite started-at="2024-02-24T11:08:11 EST" name="Default suite" finished-at="2024-02-24T11:08:23 EST" duration-ms="11422">
    <groups>
    </groups>
    <test started-at="2024-02-24T11:08:11 EST" name="Default test" finished-at="2024-02-24T11:08:23 EST" duration-ms="11422">
      <class name="com.ebrahim.qa.tests.LoginTest">
        <test-method is-config="true" signature="startBrowser()[pri:0, instance:com.ebrahim.qa.tests.LoginTest@19932c16]" started-at="2024-02-24T11:08:10 EST" name="startBrowser" finished-at="2024-02-24T11:08:11 EST" duration-ms="1734" status="PASS">
          <reporter-output>
          </reporter-output>
        </test-method> <!-- startBrowser -->
        <test-method is-config="true" signature="openUrl()[pri:0, instance:com.ebrahim.qa.tests.LoginTest@19932c16]" started-at="2024-02-24T11:08:11 EST" name="openUrl" finished-at="2024-02-24T11:08:21 EST" duration-ms="9366" status="PASS">
          <reporter-output>
          </reporter-output>
        </test-method> <!-- openUrl -->
        <test-method signature="testLoginMethod()[pri:0, instance:com.ebrahim.qa.tests.LoginTest@19932c16]" started-at="2024-02-24T11:08:21 EST" name="testLoginMethod" finished-at="2024-02-24T11:08:22 EST" duration-ms="1537" status="PASS">
          <reporter-output>
          </reporter-output>
        </test-method> <!-- testLoginMethod -->
        <test-method is-config="true" signature="report()[pri:0, instance:com.ebrahim.qa.tests.LoginTest@19932c16]" started-at="2024-02-24T11:08:22 EST" name="report" finished-at="2024-02-24T11:08:23 EST" duration-ms="480" status="PASS">
          <reporter-output>
          </reporter-output>
        </test-method> <!-- report -->
        <test-method is-config="true" signature="close()[pri:0, instance:com.ebrahim.qa.tests.LoginTest@19932c16]" started-at="2024-02-24T11:08:23 EST" name="close" finished-at="2024-02-24T11:08:23 EST" duration-ms="0" status="PASS">
          <reporter-output>
          </reporter-output>
        </test-method> <!-- close -->
      </class> <!-- com.ebrahim.qa.tests.LoginTest -->
    </test> <!-- Default test -->
  </suite> <!-- Default suite -->
</testng-results>
