<?xml version="1.0" encoding="UTF-8"?>
<!-- Generated by org.testng.reporters.JUnitXMLReporter -->
<testsuite ignored="2" hostname="DESKTOP-LQEM3VC" failures="0" tests="2" name="Test" time="26.296" errors="0" timestamp="2024-02-18T11:30:26 EST">
  <testcase classname="com.ebrahim.qa.tests.LoginTest" name="testLoginMethod" time="9.589"/>
  <testcase classname="com.ebrahim.qa.tests.EmployeeTest" name="addEmployee" time="0.01"/>
  <testcase classname="com.ebrahim.qa.drivers.BaseDriver" name="@AfterSuite close" time="0.0">
    <ignored/>
  </testcase> <!-- @AfterSuite close -->
  <testcase classname="com.ebrahim.qa.drivers.BaseDriver" name="@BeforeSuite startBrowser" time="0.0">
    <ignored/>
  </testcase> <!-- @BeforeSuite startBrowser -->
</testsuite> <!-- Test -->
